INFO  11:50:32 Application started. Press Ctrl+C to shut down.
INFO  11:50:32 Application started. Press Ctrl+C to shut down.
INFO  11:50:32 Hosting environment: Development
INFO  11:50:32 Hosting environment: Development
INFO  11:50:32 Content root path: C:\Users\Sujoy Basak\source\repos\MFPE\Microservices\AuthorizationService
INFO  11:50:32 Content root path: C:\Users\Sujoy Basak\source\repos\MFPE\Microservices\AuthorizationService
INFO  11:50:51  Http Post request
INFO  11:57:17 Application started. Press Ctrl+C to shut down.
INFO  11:57:17 Application started. Press Ctrl+C to shut down.
INFO  11:57:17 Hosting environment: Development
INFO  11:57:17 Hosting environment: Development
INFO  11:57:17 Content root path: C:\Users\Sujoy Basak\source\repos\MFPE\Microservices\AuthorizationService
INFO  11:57:17 Content root path: C:\Users\Sujoy Basak\source\repos\MFPE\Microservices\AuthorizationService
INFO  11:57:32  Http Post request
INFO  11:57:39  Http Post request
INFO  11:57:45  Http Post request
INFO  11:58:05  Http Post request
INFO  12:01:49 Application started. Press Ctrl+C to shut down.
INFO  12:01:49 Application started. Press Ctrl+C to shut down.
INFO  12:01:49 Hosting environment: Development
INFO  12:01:49 Hosting environment: Development
INFO  12:01:49 Content root path: C:\Users\Sujoy Basak\source\repos\MFPE\Microservices\AuthorizationService
INFO  12:01:49 Content root path: C:\Users\Sujoy Basak\source\repos\MFPE\Microservices\AuthorizationService
INFO  12:02:07  Http Post request
INFO  12:02:25  Http Post request
INFO  12:06:45 Application started. Press Ctrl+C to shut down.
INFO  12:06:45 Application started. Press Ctrl+C to shut down.
INFO  12:06:45 Hosting environment: Development
INFO  12:06:45 Hosting environment: Development
INFO  12:06:45 Content root path: C:\Users\Sujoy Basak\source\repos\MFPE\Microservices\AuthorizationService
INFO  12:06:45 Content root path: C:\Users\Sujoy Basak\source\repos\MFPE\Microservices\AuthorizationService
INFO  03:45:27 Application started. Press Ctrl+C to shut down.
INFO  03:45:27 Application started. Press Ctrl+C to shut down.
INFO  03:45:27 Hosting environment: Development
INFO  03:45:27 Hosting environment: Development
INFO  03:45:27 Content root path: C:\Users\Sujoy Basak\source\repos\MFPE\Microservices\AuthorizationService
INFO  03:45:27 Content root path: C:\Users\Sujoy Basak\source\repos\MFPE\Microservices\AuthorizationService
INFO  03:45:52  Http Post request
INFO  03:45:59  Http Post request
INFO  03:47:41 Application started. Press Ctrl+C to shut down.
INFO  03:47:41 Application started. Press Ctrl+C to shut down.
INFO  03:47:41 Hosting environment: Development
INFO  03:47:41 Hosting environment: Development
INFO  03:47:41 Content root path: C:\Users\Sujoy Basak\source\repos\MFPE\Microservices\AuthorizationService
INFO  03:47:41 Content root path: C:\Users\Sujoy Basak\source\repos\MFPE\Microservices\AuthorizationService
INFO  03:48:01  Http Post request
INFO  03:48:10  Http Post request
INFO  03:58:24 Application started. Press Ctrl+C to shut down.
INFO  03:58:24 Application started. Press Ctrl+C to shut down.
INFO  03:58:24 Hosting environment: Development
INFO  03:58:24 Hosting environment: Development
INFO  03:58:24 Content root path: C:\Users\Sujoy Basak\source\repos\MFPE\Microservices\AuthorizationService
INFO  03:58:24 Content root path: C:\Users\Sujoy Basak\source\repos\MFPE\Microservices\AuthorizationService
INFO  03:58:41  Http Post request
INFO  04:26:27 Application started. Press Ctrl+C to shut down.
INFO  04:26:27 Application started. Press Ctrl+C to shut down.
INFO  04:26:27 Hosting environment: Development
INFO  04:26:27 Hosting environment: Development
INFO  04:26:27 Content root path: C:\Users\Sujoy Basak\source\repos\MFPE\Microservices\AuthorizationService
INFO  04:26:27 Content root path: C:\Users\Sujoy Basak\source\repos\MFPE\Microservices\AuthorizationService
INFO  04:27:22  Http Post request
INFO  04:27:30  Http Post request
INFO  04:31:30 Application started. Press Ctrl+C to shut down.
INFO  04:31:30 Application started. Press Ctrl+C to shut down.
INFO  04:31:30 Hosting environment: Development
INFO  04:31:30 Hosting environment: Development
INFO  04:31:30 Content root path: C:\Users\Sujoy Basak\source\repos\MFPE\Microservices\AuthorizationService
INFO  04:31:30 Content root path: C:\Users\Sujoy Basak\source\repos\MFPE\Microservices\AuthorizationService
INFO  04:31:57  Http Post request
INFO  05:48:05 Application started. Press Ctrl+C to shut down.
INFO  05:48:05 Application started. Press Ctrl+C to shut down.
INFO  05:48:05 Hosting environment: Development
INFO  05:48:05 Hosting environment: Development
INFO  05:48:05 Content root path: C:\Users\Sujoy Basak\source\repos\MFPE\Microservices\AuthorizationService
INFO  05:48:05 Content root path: C:\Users\Sujoy Basak\source\repos\MFPE\Microservices\AuthorizationService
INFO  05:55:23  Http Post request
INFO  08:35:25 Application started. Press Ctrl+C to shut down.
INFO  08:35:25 Application started. Press Ctrl+C to shut down.
INFO  08:35:25 Hosting environment: Development
INFO  08:35:25 Hosting environment: Development
INFO  08:35:25 Content root path: C:\Users\Sujoy Basak\source\repos\MFPE\Microservices\AuthorizationService
INFO  08:35:25 Content root path: C:\Users\Sujoy Basak\source\repos\MFPE\Microservices\AuthorizationService
INFO  08:36:00  Http Post request
INFO  08:41:02 Application started. Press Ctrl+C to shut down.
INFO  08:41:02 Application started. Press Ctrl+C to shut down.
INFO  08:41:02 Hosting environment: Development
INFO  08:41:02 Hosting environment: Development
INFO  08:41:02 Content root path: C:\Users\Sujoy Basak\source\repos\MFPE\Microservices\AuthorizationService
INFO  08:41:02 Content root path: C:\Users\Sujoy Basak\source\repos\MFPE\Microservices\AuthorizationService
INFO  08:41:21  Http Post request
INFO  08:44:08  Http Post request
INFO  08:44:11  Http Post request
INFO  08:46:03  Http Post request
INFO  08:50:36  Http Post request
INFO  08:50:40  Http Post request
INFO  08:50:59  Http Post request
INFO  08:51:10  Http Post request
INFO  08:52:37 Application started. Press Ctrl+C to shut down.
INFO  08:52:37 Application started. Press Ctrl+C to shut down.
INFO  08:52:37 Hosting environment: Development
INFO  08:52:37 Hosting environment: Development
INFO  08:52:37 Content root path: C:\Users\Sujoy Basak\source\repos\MFPE\Microservices\AuthorizationService
INFO  08:52:37 Content root path: C:\Users\Sujoy Basak\source\repos\MFPE\Microservices\AuthorizationService
INFO  08:53:05  Http Post request
INFO  08:55:18  Http Post request
INFO  08:55:22  Http Post request
INFO  08:56:42 Application started. Press Ctrl+C to shut down.
INFO  08:56:42 Application started. Press Ctrl+C to shut down.
INFO  08:56:42 Hosting environment: Development
INFO  08:56:42 Hosting environment: Development
INFO  08:56:42 Content root path: C:\Users\Sujoy Basak\source\repos\MFPE\Microservices\AuthorizationService
INFO  08:56:42 Content root path: C:\Users\Sujoy Basak\source\repos\MFPE\Microservices\AuthorizationService
INFO  08:57:31  Http Post request
INFO  09:00:49 Application started. Press Ctrl+C to shut down.
INFO  09:00:49 Application started. Press Ctrl+C to shut down.
INFO  09:00:49 Hosting environment: Development
INFO  09:00:49 Hosting environment: Development
INFO  09:00:49 Content root path: C:\Users\Sujoy Basak\source\repos\MFPE\Microservices\AuthorizationService
INFO  09:00:49 Content root path: C:\Users\Sujoy Basak\source\repos\MFPE\Microservices\AuthorizationService
INFO  09:01:22  Http Post request
INFO  09:06:59 Application started. Press Ctrl+C to shut down.
INFO  09:06:59 Application started. Press Ctrl+C to shut down.
INFO  09:06:59 Hosting environment: Development
INFO  09:06:59 Hosting environment: Development
INFO  09:06:59 Content root path: C:\Users\Sujoy Basak\source\repos\MFPE\Microservices\AuthorizationService
INFO  09:06:59 Content root path: C:\Users\Sujoy Basak\source\repos\MFPE\Microservices\AuthorizationService
INFO  09:07:56  Http Post request
INFO  09:09:30  Http Post request
INFO  09:20:51 Application started. Press Ctrl+C to shut down.
INFO  09:20:51 Application started. Press Ctrl+C to shut down.
INFO  09:20:51 Hosting environment: Development
INFO  09:20:51 Hosting environment: Development
INFO  09:20:51 Content root path: C:\Users\Sujoy Basak\source\repos\MFPE\Microservices\AuthorizationService
INFO  09:20:51 Content root path: C:\Users\Sujoy Basak\source\repos\MFPE\Microservices\AuthorizationService
INFO  09:21:20  Http Post request
INFO  08:58:33 Application started. Press Ctrl+C to shut down.
INFO  08:58:33 Application started. Press Ctrl+C to shut down.
INFO  08:58:33 Hosting environment: Development
INFO  08:58:33 Hosting environment: Development
INFO  08:58:33 Content root path: C:\Users\Sujoy Basak\source\repos\MFPE\Microservices\AuthorizationService
INFO  08:58:33 Content root path: C:\Users\Sujoy Basak\source\repos\MFPE\Microservices\AuthorizationService
INFO  08:59:02  Http Post request
INFO  08:59:34  Http Post request
INFO  09:02:29 Application started. Press Ctrl+C to shut down.
INFO  09:02:29 Application started. Press Ctrl+C to shut down.
INFO  09:02:29 Hosting environment: Development
INFO  09:02:29 Hosting environment: Development
INFO  09:02:29 Content root path: C:\Users\Sujoy Basak\source\repos\MFPE\Microservices\AuthorizationService
INFO  09:02:29 Content root path: C:\Users\Sujoy Basak\source\repos\MFPE\Microservices\AuthorizationService
INFO  09:02:44  Http Post request
INFO  09:02:49  Http Post request
ERROR 09:02:50 Exception Occured The best overloaded method match for 'AuthorizationService.Provider.AuthProvider.GenerateJSONWebToken(AuthorizationService.Authenticate, Microsoft.Extensions.Configuration.IConfiguration)' has some invalid arguments
INFO  01:13:28 Application started. Press Ctrl+C to shut down.
INFO  01:13:28 Application started. Press Ctrl+C to shut down.
INFO  01:13:28 Hosting environment: Development
INFO  01:13:28 Hosting environment: Development
INFO  01:13:28 Content root path: C:\Users\Sujoy Basak\source\repos\MFPE\Microservices\AuthorizationService
INFO  01:13:28 Content root path: C:\Users\Sujoy Basak\source\repos\MFPE\Microservices\AuthorizationService
INFO  01:18:30  Http Post request
INFO  01:43:22  Http Post request
INFO  02:10:34  Http Post request
INFO  02:14:17  Http Post request
INFO  02:27:52 Application started. Press Ctrl+C to shut down.
INFO  02:27:53 Application started. Press Ctrl+C to shut down.
INFO  02:27:54 Hosting environment: Development
INFO  02:27:54 Hosting environment: Development
INFO  02:27:55 Content root path: C:\Users\Sujoy Basak\source\repos\MFPE\Microservices\AuthorizationService
INFO  02:27:55 Content root path: C:\Users\Sujoy Basak\source\repos\MFPE\Microservices\AuthorizationService
INFO  02:30:51  Http Post request
INFO  02:42:28  Http Post request
INFO  08:39:01 Application started. Press Ctrl+C to shut down.
INFO  08:39:01 Application started. Press Ctrl+C to shut down.
INFO  08:39:01 Hosting environment: Development
INFO  08:39:01 Hosting environment: Development
INFO  08:39:01 Content root path: C:\Users\Sujoy Basak\source\repos\MFPE\Microservices\AuthorizationService
INFO  08:39:01 Content root path: C:\Users\Sujoy Basak\source\repos\MFPE\Microservices\AuthorizationService
ERROR 08:39:17 An unhandled exception has occurred while executing the request.
System.InvalidOperationException: Unable to resolve service for type 'AuthorizationService.Provider.IAuthProvider' while attempting to activate 'AuthorizationService.Controllers.TokenController'.
   at Microsoft.Extensions.DependencyInjection.ActivatorUtilities.GetService(IServiceProvider sp, Type type, Type requiredBy, Boolean isDefaultParameterRequired)
   at lambda_method(Closure , IServiceProvider , Object[] )
   at Microsoft.AspNetCore.Mvc.Controllers.ControllerActivatorProvider.<>c__DisplayClass4_0.<CreateActivator>b__0(ControllerContext controllerContext)
   at Microsoft.AspNetCore.Mvc.Controllers.ControllerFactoryProvider.<>c__DisplayClass5_0.<CreateControllerFactory>g__CreateController|0(ControllerContext controllerContext)
   at Microsoft.AspNetCore.Mvc.Infrastructure.ControllerActionInvoker.Next(State& next, Scope& scope, Object& state, Boolean& isCompleted)
   at Microsoft.AspNetCore.Mvc.Infrastructure.ControllerActionInvoker.InvokeInnerFilterAsync()
--- End of stack trace from previous location where exception was thrown ---
   at Microsoft.AspNetCore.Mvc.Infrastructure.ResourceInvoker.<InvokeFilterPipelineAsync>g__Awaited|19_0(ResourceInvoker invoker, Task lastTask, State next, Scope scope, Object state, Boolean isCompleted)
   at Microsoft.AspNetCore.Mvc.Infrastructure.ResourceInvoker.<InvokeAsync>g__Awaited|17_0(ResourceInvoker invoker, Task task, IDisposable scope)
   at Microsoft.AspNetCore.Routing.EndpointMiddleware.<Invoke>g__AwaitRequestTask|6_0(Endpoint endpoint, Task requestTask, ILogger logger)
   at Microsoft.AspNetCore.Authorization.AuthorizationMiddleware.Invoke(HttpContext context)
   at Microsoft.AspNetCore.Authentication.AuthenticationMiddleware.Invoke(HttpContext context)
   at Swashbuckle.AspNetCore.SwaggerUI.SwaggerUIMiddleware.Invoke(HttpContext httpContext)
   at Swashbuckle.AspNetCore.Swagger.SwaggerMiddleware.Invoke(HttpContext httpContext, ISwaggerProvider swaggerProvider)
   at Microsoft.AspNetCore.Diagnostics.DeveloperExceptionPageMiddleware.Invoke(HttpContext context)
ERROR 08:39:17 An unhandled exception has occurred while executing the request.
System.InvalidOperationException: Unable to resolve service for type 'AuthorizationService.Provider.IAuthProvider' while attempting to activate 'AuthorizationService.Controllers.TokenController'.
   at Microsoft.Extensions.DependencyInjection.ActivatorUtilities.GetService(IServiceProvider sp, Type type, Type requiredBy, Boolean isDefaultParameterRequired)
   at lambda_method(Closure , IServiceProvider , Object[] )
   at Microsoft.AspNetCore.Mvc.Controllers.ControllerActivatorProvider.<>c__DisplayClass4_0.<CreateActivator>b__0(ControllerContext controllerContext)
   at Microsoft.AspNetCore.Mvc.Controllers.ControllerFactoryProvider.<>c__DisplayClass5_0.<CreateControllerFactory>g__CreateController|0(ControllerContext controllerContext)
   at Microsoft.AspNetCore.Mvc.Infrastructure.ControllerActionInvoker.Next(State& next, Scope& scope, Object& state, Boolean& isCompleted)
   at Microsoft.AspNetCore.Mvc.Infrastructure.ControllerActionInvoker.InvokeInnerFilterAsync()
--- End of stack trace from previous location where exception was thrown ---
   at Microsoft.AspNetCore.Mvc.Infrastructure.ResourceInvoker.<InvokeFilterPipelineAsync>g__Awaited|19_0(ResourceInvoker invoker, Task lastTask, State next, Scope scope, Object state, Boolean isCompleted)
   at Microsoft.AspNetCore.Mvc.Infrastructure.ResourceInvoker.<InvokeAsync>g__Awaited|17_0(ResourceInvoker invoker, Task task, IDisposable scope)
   at Microsoft.AspNetCore.Routing.EndpointMiddleware.<Invoke>g__AwaitRequestTask|6_0(Endpoint endpoint, Task requestTask, ILogger logger)
   at Microsoft.AspNetCore.Authorization.AuthorizationMiddleware.Invoke(HttpContext context)
   at Microsoft.AspNetCore.Authentication.AuthenticationMiddleware.Invoke(HttpContext context)
   at Swashbuckle.AspNetCore.SwaggerUI.SwaggerUIMiddleware.Invoke(HttpContext httpContext)
   at Swashbuckle.AspNetCore.Swagger.SwaggerMiddleware.Invoke(HttpContext httpContext, ISwaggerProvider swaggerProvider)
   at Microsoft.AspNetCore.Diagnostics.DeveloperExceptionPageMiddleware.Invoke(HttpContext context)
ERROR 08:39:55 An unhandled exception has occurred while executing the request.
System.InvalidOperationException: Unable to resolve service for type 'AuthorizationService.Provider.IAuthProvider' while attempting to activate 'AuthorizationService.Controllers.TokenController'.
   at Microsoft.Extensions.DependencyInjection.ActivatorUtilities.GetService(IServiceProvider sp, Type type, Type requiredBy, Boolean isDefaultParameterRequired)
   at lambda_method(Closure , IServiceProvider , Object[] )
   at Microsoft.AspNetCore.Mvc.Controllers.ControllerActivatorProvider.<>c__DisplayClass4_0.<CreateActivator>b__0(ControllerContext controllerContext)
   at Microsoft.AspNetCore.Mvc.Controllers.ControllerFactoryProvider.<>c__DisplayClass5_0.<CreateControllerFactory>g__CreateController|0(ControllerContext controllerContext)
   at Microsoft.AspNetCore.Mvc.Infrastructure.ControllerActionInvoker.Next(State& next, Scope& scope, Object& state, Boolean& isCompleted)
   at Microsoft.AspNetCore.Mvc.Infrastructure.ControllerActionInvoker.InvokeInnerFilterAsync()
--- End of stack trace from previous location where exception was thrown ---
   at Microsoft.AspNetCore.Mvc.Infrastructure.ResourceInvoker.<InvokeFilterPipelineAsync>g__Awaited|19_0(ResourceInvoker invoker, Task lastTask, State next, Scope scope, Object state, Boolean isCompleted)
   at Microsoft.AspNetCore.Mvc.Infrastructure.ResourceInvoker.<InvokeAsync>g__Awaited|17_0(ResourceInvoker invoker, Task task, IDisposable scope)
   at Microsoft.AspNetCore.Routing.EndpointMiddleware.<Invoke>g__AwaitRequestTask|6_0(Endpoint endpoint, Task requestTask, ILogger logger)
   at Microsoft.AspNetCore.Authorization.AuthorizationMiddleware.Invoke(HttpContext context)
   at Microsoft.AspNetCore.Authentication.AuthenticationMiddleware.Invoke(HttpContext context)
   at Swashbuckle.AspNetCore.SwaggerUI.SwaggerUIMiddleware.Invoke(HttpContext httpContext)
   at Swashbuckle.AspNetCore.Swagger.SwaggerMiddleware.Invoke(HttpContext httpContext, ISwaggerProvider swaggerProvider)
   at Microsoft.AspNetCore.Diagnostics.DeveloperExceptionPageMiddleware.Invoke(HttpContext context)
ERROR 08:39:55 An unhandled exception has occurred while executing the request.
System.InvalidOperationException: Unable to resolve service for type 'AuthorizationService.Provider.IAuthProvider' while attempting to activate 'AuthorizationService.Controllers.TokenController'.
   at Microsoft.Extensions.DependencyInjection.ActivatorUtilities.GetService(IServiceProvider sp, Type type, Type requiredBy, Boolean isDefaultParameterRequired)
   at lambda_method(Closure , IServiceProvider , Object[] )
   at Microsoft.AspNetCore.Mvc.Controllers.ControllerActivatorProvider.<>c__DisplayClass4_0.<CreateActivator>b__0(ControllerContext controllerContext)
   at Microsoft.AspNetCore.Mvc.Controllers.ControllerFactoryProvider.<>c__DisplayClass5_0.<CreateControllerFactory>g__CreateController|0(ControllerContext controllerContext)
   at Microsoft.AspNetCore.Mvc.Infrastructure.ControllerActionInvoker.Next(State& next, Scope& scope, Object& state, Boolean& isCompleted)
   at Microsoft.AspNetCore.Mvc.Infrastructure.ControllerActionInvoker.InvokeInnerFilterAsync()
--- End of stack trace from previous location where exception was thrown ---
   at Microsoft.AspNetCore.Mvc.Infrastructure.ResourceInvoker.<InvokeFilterPipelineAsync>g__Awaited|19_0(ResourceInvoker invoker, Task lastTask, State next, Scope scope, Object state, Boolean isCompleted)
   at Microsoft.AspNetCore.Mvc.Infrastructure.ResourceInvoker.<InvokeAsync>g__Awaited|17_0(ResourceInvoker invoker, Task task, IDisposable scope)
   at Microsoft.AspNetCore.Routing.EndpointMiddleware.<Invoke>g__AwaitRequestTask|6_0(Endpoint endpoint, Task requestTask, ILogger logger)
   at Microsoft.AspNetCore.Authorization.AuthorizationMiddleware.Invoke(HttpContext context)
   at Microsoft.AspNetCore.Authentication.AuthenticationMiddleware.Invoke(HttpContext context)
   at Swashbuckle.AspNetCore.SwaggerUI.SwaggerUIMiddleware.Invoke(HttpContext httpContext)
   at Swashbuckle.AspNetCore.Swagger.SwaggerMiddleware.Invoke(HttpContext httpContext, ISwaggerProvider swaggerProvider)
   at Microsoft.AspNetCore.Diagnostics.DeveloperExceptionPageMiddleware.Invoke(HttpContext context)
ERROR 08:41:36 An unhandled exception has occurred while executing the request.
System.InvalidOperationException: Unable to resolve service for type 'AuthorizationService.Provider.IAuthProvider' while attempting to activate 'AuthorizationService.Controllers.TokenController'.
   at Microsoft.Extensions.DependencyInjection.ActivatorUtilities.GetService(IServiceProvider sp, Type type, Type requiredBy, Boolean isDefaultParameterRequired)
   at lambda_method(Closure , IServiceProvider , Object[] )
   at Microsoft.AspNetCore.Mvc.Controllers.ControllerActivatorProvider.<>c__DisplayClass4_0.<CreateActivator>b__0(ControllerContext controllerContext)
   at Microsoft.AspNetCore.Mvc.Controllers.ControllerFactoryProvider.<>c__DisplayClass5_0.<CreateControllerFactory>g__CreateController|0(ControllerContext controllerContext)
   at Microsoft.AspNetCore.Mvc.Infrastructure.ControllerActionInvoker.Next(State& next, Scope& scope, Object& state, Boolean& isCompleted)
   at Microsoft.AspNetCore.Mvc.Infrastructure.ControllerActionInvoker.InvokeInnerFilterAsync()
--- End of stack trace from previous location where exception was thrown ---
   at Microsoft.AspNetCore.Mvc.Infrastructure.ResourceInvoker.<InvokeFilterPipelineAsync>g__Awaited|19_0(ResourceInvoker invoker, Task lastTask, State next, Scope scope, Object state, Boolean isCompleted)
   at Microsoft.AspNetCore.Mvc.Infrastructure.ResourceInvoker.<InvokeAsync>g__Awaited|17_0(ResourceInvoker invoker, Task task, IDisposable scope)
   at Microsoft.AspNetCore.Routing.EndpointMiddleware.<Invoke>g__AwaitRequestTask|6_0(Endpoint endpoint, Task requestTask, ILogger logger)
   at Microsoft.AspNetCore.Authorization.AuthorizationMiddleware.Invoke(HttpContext context)
   at Microsoft.AspNetCore.Authentication.AuthenticationMiddleware.Invoke(HttpContext context)
   at Swashbuckle.AspNetCore.SwaggerUI.SwaggerUIMiddleware.Invoke(HttpContext httpContext)
   at Swashbuckle.AspNetCore.Swagger.SwaggerMiddleware.Invoke(HttpContext httpContext, ISwaggerProvider swaggerProvider)
   at Microsoft.AspNetCore.Diagnostics.DeveloperExceptionPageMiddleware.Invoke(HttpContext context)
ERROR 08:41:36 An unhandled exception has occurred while executing the request.
System.InvalidOperationException: Unable to resolve service for type 'AuthorizationService.Provider.IAuthProvider' while attempting to activate 'AuthorizationService.Controllers.TokenController'.
   at Microsoft.Extensions.DependencyInjection.ActivatorUtilities.GetService(IServiceProvider sp, Type type, Type requiredBy, Boolean isDefaultParameterRequired)
   at lambda_method(Closure , IServiceProvider , Object[] )
   at Microsoft.AspNetCore.Mvc.Controllers.ControllerActivatorProvider.<>c__DisplayClass4_0.<CreateActivator>b__0(ControllerContext controllerContext)
   at Microsoft.AspNetCore.Mvc.Controllers.ControllerFactoryProvider.<>c__DisplayClass5_0.<CreateControllerFactory>g__CreateController|0(ControllerContext controllerContext)
   at Microsoft.AspNetCore.Mvc.Infrastructure.ControllerActionInvoker.Next(State& next, Scope& scope, Object& state, Boolean& isCompleted)
   at Microsoft.AspNetCore.Mvc.Infrastructure.ControllerActionInvoker.InvokeInnerFilterAsync()
--- End of stack trace from previous location where exception was thrown ---
   at Microsoft.AspNetCore.Mvc.Infrastructure.ResourceInvoker.<InvokeFilterPipelineAsync>g__Awaited|19_0(ResourceInvoker invoker, Task lastTask, State next, Scope scope, Object state, Boolean isCompleted)
   at Microsoft.AspNetCore.Mvc.Infrastructure.ResourceInvoker.<InvokeAsync>g__Awaited|17_0(ResourceInvoker invoker, Task task, IDisposable scope)
   at Microsoft.AspNetCore.Routing.EndpointMiddleware.<Invoke>g__AwaitRequestTask|6_0(Endpoint endpoint, Task requestTask, ILogger logger)
   at Microsoft.AspNetCore.Authorization.AuthorizationMiddleware.Invoke(HttpContext context)
   at Microsoft.AspNetCore.Authentication.AuthenticationMiddleware.Invoke(HttpContext context)
   at Swashbuckle.AspNetCore.SwaggerUI.SwaggerUIMiddleware.Invoke(HttpContext httpContext)
   at Swashbuckle.AspNetCore.Swagger.SwaggerMiddleware.Invoke(HttpContext httpContext, ISwaggerProvider swaggerProvider)
   at Microsoft.AspNetCore.Diagnostics.DeveloperExceptionPageMiddleware.Invoke(HttpContext context)
INFO  08:42:36 Application started. Press Ctrl+C to shut down.
INFO  08:42:36 Application started. Press Ctrl+C to shut down.
INFO  08:42:37 Hosting environment: Development
INFO  08:42:37 Hosting environment: Development
INFO  08:42:37 Content root path: C:\Users\Sujoy Basak\source\repos\MFPE\Microservices\AuthorizationService
INFO  08:42:37 Content root path: C:\Users\Sujoy Basak\source\repos\MFPE\Microservices\AuthorizationService
INFO  08:42:57  Http Post request
INFO  08:43:03  Http Post request
INFO  08:43:19  Http Post request
INFO  08:43:25  Http Post request
INFO  10:35:02 Application started. Press Ctrl+C to shut down.
INFO  10:35:02 Application started. Press Ctrl+C to shut down.
INFO  10:35:03 Hosting environment: Development
INFO  10:35:03 Hosting environment: Development
INFO  10:35:03 Content root path: C:\Users\Sujoy Basak\source\repos\MFPE\Microservices\AuthorizationService
INFO  10:35:03 Content root path: C:\Users\Sujoy Basak\source\repos\MFPE\Microservices\AuthorizationService
INFO  10:36:34  Http Post request
INFO  10:36:59  Http Post request
INFO  10:58:18 Application started. Press Ctrl+C to shut down.
INFO  10:58:18 Application started. Press Ctrl+C to shut down.
INFO  10:58:18 Hosting environment: Development
INFO  10:58:18 Hosting environment: Development
INFO  10:58:18 Content root path: C:\Users\Sujoy Basak\source\repos\MFPE\Microservices\AuthorizationService
INFO  10:58:18 Content root path: C:\Users\Sujoy Basak\source\repos\MFPE\Microservices\AuthorizationService
INFO  11:04:45  Http Post request
INFO  11:19:34  Http Post request
INFO  12:41:27  Http Post request
INFO  01:27:02 Application started. Press Ctrl+C to shut down.
INFO  01:27:02 Application started. Press Ctrl+C to shut down.
INFO  01:27:03 Hosting environment: Development
INFO  01:27:03 Hosting environment: Development
INFO  01:27:03 Content root path: C:\Users\Sujoy Basak\source\repos\MFPE\Microservices\AuthorizationService
INFO  01:27:03 Content root path: C:\Users\Sujoy Basak\source\repos\MFPE\Microservices\AuthorizationService
INFO  01:28:07  Http Post request
INFO  01:28:15  Http Post request
INFO  01:32:59  Http Post request
INFO  01:33:08  Http Post request
INFO  01:37:31  Http Post request
INFO  01:37:40  Http Post request
INFO  01:54:12  Http Post request
INFO  01:54:21  Http Post request
INFO  01:55:14  Http Post request
INFO  02:06:46  Http Post request
INFO  02:25:14  Http Post request
INFO  02:36:16  Http Post request
INFO  02:55:47  Http Post request
INFO  03:14:34  Http Post request
INFO  03:16:11  Http Post request
INFO  03:21:24  Http Post request
INFO  03:22:48  Http Post request
INFO  03:23:20  Http Post request
INFO  04:34:03 Application started. Press Ctrl+C to shut down.
INFO  04:34:03 Application started. Press Ctrl+C to shut down.
INFO  04:34:03 Hosting environment: Development
INFO  04:34:03 Hosting environment: Development
INFO  04:34:03 Content root path: C:\Users\Sujoy Basak\source\repos\MFPE\Microservices\AuthorizationService
INFO  04:34:03 Content root path: C:\Users\Sujoy Basak\source\repos\MFPE\Microservices\AuthorizationService
INFO  04:34:15  Http Post request
INFO  04:34:23  Http Post request
INFO  04:37:37  Http Post request
INFO  04:37:43  Http Post request
INFO  04:38:03  Http Post request
INFO  04:38:27  Http Post request
INFO  04:38:37  Http Post request
INFO  04:40:12  Http Post request
INFO  04:41:31  Http Post request
INFO  04:41:45  Http Post request
INFO  04:56:29 Application started. Press Ctrl+C to shut down.
INFO  04:56:29 Application started. Press Ctrl+C to shut down.
INFO  04:56:29 Hosting environment: Development
INFO  04:56:29 Hosting environment: Development
INFO  04:56:29 Content root path: C:\Users\Sujoy Basak\source\repos\MFPE\Microservices\AuthorizationService
INFO  04:56:29 Content root path: C:\Users\Sujoy Basak\source\repos\MFPE\Microservices\AuthorizationService
INFO  04:56:48  Http Post request
INFO  06:56:38 Application started. Press Ctrl+C to shut down.
INFO  06:56:38 Application started. Press Ctrl+C to shut down.
INFO  06:56:38 Hosting environment: Development
INFO  06:56:38 Hosting environment: Development
INFO  06:56:38 Content root path: C:\Users\Sujoy Basak\source\repos\MFPE\Microservices\AuthorizationService
INFO  06:56:38 Content root path: C:\Users\Sujoy Basak\source\repos\MFPE\Microservices\AuthorizationService
INFO  07:02:29  Http Post request
INFO  07:04:27  Http Post request
INFO  07:05:41  Http Post request
INFO  07:12:39  Http Post request
INFO  07:14:09  Http Post request
INFO  07:17:11  Http Post request
INFO  07:18:12  Http Post request
INFO  08:00:54 Application started. Press Ctrl+C to shut down.
INFO  08:00:54 Application started. Press Ctrl+C to shut down.
INFO  08:00:54 Hosting environment: Development
INFO  08:00:54 Hosting environment: Development
INFO  08:00:54 Content root path: C:\Users\Sujoy Basak\source\repos\MFPE\Microservices\AuthorizationService
INFO  08:00:54 Content root path: C:\Users\Sujoy Basak\source\repos\MFPE\Microservices\AuthorizationService
INFO  08:06:16  Http Post request
INFO  08:07:40  Http Post request
INFO  08:07:56  Http Post request
INFO  08:08:11  Http Post request
INFO  08:08:25  Http Post request
INFO  08:27:57  Http Post request
INFO  08:31:40  Http Post request
INFO  08:03:21 Application started. Press Ctrl+C to shut down.
INFO  08:03:21 Application started. Press Ctrl+C to shut down.
INFO  08:03:21 Hosting environment: Development
INFO  08:03:21 Hosting environment: Development
INFO  08:03:21 Content root path: C:\Users\Sujoy Basak\source\repos\MFPE\Microservices\AuthorizationService
INFO  08:03:21 Content root path: C:\Users\Sujoy Basak\source\repos\MFPE\Microservices\AuthorizationService
INFO  08:03:50  Http Post request
INFO  08:03:58  Http Post request
INFO  08:07:43  Http Post request
INFO  08:09:15 Application started. Press Ctrl+C to shut down.
INFO  08:09:15 Application started. Press Ctrl+C to shut down.
INFO  08:09:15 Hosting environment: Development
INFO  08:09:15 Hosting environment: Development
INFO  08:09:15 Content root path: C:\Users\Sujoy Basak\source\repos\MFPE\Microservices\AuthorizationService
INFO  08:09:15 Content root path: C:\Users\Sujoy Basak\source\repos\MFPE\Microservices\AuthorizationService
INFO  08:09:33  Http Post request
INFO  08:09:36  Http Post request
INFO  08:10:34 Application started. Press Ctrl+C to shut down.
INFO  08:10:34 Application started. Press Ctrl+C to shut down.
INFO  08:10:34 Hosting environment: Development
INFO  08:10:34 Hosting environment: Development
INFO  08:10:34 Content root path: C:\Users\Sujoy Basak\source\repos\MFPE\Microservices\AuthorizationService
INFO  08:10:34 Content root path: C:\Users\Sujoy Basak\source\repos\MFPE\Microservices\AuthorizationService
INFO  08:10:41  Http Post request
INFO  08:11:03  Http Post request
INFO  08:12:51 Application started. Press Ctrl+C to shut down.
INFO  08:12:51 Application started. Press Ctrl+C to shut down.
INFO  08:12:51 Hosting environment: Development
INFO  08:12:51 Hosting environment: Development
INFO  08:12:51 Content root path: C:\Users\Sujoy Basak\source\repos\MFPE\Microservices\AuthorizationService
INFO  08:12:51 Content root path: C:\Users\Sujoy Basak\source\repos\MFPE\Microservices\AuthorizationService
INFO  08:12:59  Http Post request
INFO  08:13:49 Application started. Press Ctrl+C to shut down.
INFO  08:13:49 Application started. Press Ctrl+C to shut down.
INFO  08:13:49 Hosting environment: Development
INFO  08:13:49 Hosting environment: Development
INFO  08:13:49 Content root path: C:\Users\Sujoy Basak\source\repos\MFPE\Microservices\AuthorizationService
INFO  08:13:49 Content root path: C:\Users\Sujoy Basak\source\repos\MFPE\Microservices\AuthorizationService
INFO  08:13:56  Http Post request
INFO  08:14:08  Http Post request
INFO  08:14:14  Http Post request
INFO  08:14:34  Http Post request
INFO  08:15:08  Http Post request
INFO  08:15:53 Application started. Press Ctrl+C to shut down.
INFO  08:15:53 Application started. Press Ctrl+C to shut down.
INFO  08:15:53 Hosting environment: Development
INFO  08:15:53 Hosting environment: Development
INFO  08:15:53 Content root path: C:\Users\Sujoy Basak\source\repos\MFPE\Microservices\AuthorizationService
INFO  08:15:53 Content root path: C:\Users\Sujoy Basak\source\repos\MFPE\Microservices\AuthorizationService
INFO  08:15:58  Http Post request
INFO  08:16:03  Http Post request
INFO  08:18:25  Http Post request
INFO  08:18:32  Http Post request
INFO  08:24:19  Http Post request
INFO  08:37:37  Http Post request
INFO  08:37:43  Http Post request
INFO  08:46:53  Http Post request
INFO  08:49:08  Http Post request
INFO  08:49:38  Http Post request
INFO  08:58:22  Http Post request
INFO  09:05:58  Http Post request
INFO  09:06:07  Http Post request
INFO  10:20:08 Application started. Press Ctrl+C to shut down.
INFO  10:20:08 Application started. Press Ctrl+C to shut down.
INFO  10:20:08 Hosting environment: Development
INFO  10:20:08 Hosting environment: Development
INFO  10:20:08 Content root path: C:\Users\Sujoy Basak\source\repos\MFPE\Microservices\AuthorizationService
INFO  10:20:08 Content root path: C:\Users\Sujoy Basak\source\repos\MFPE\Microservices\AuthorizationService
INFO  10:20:28  Http Post request
INFO  10:26:19  Http Post request
INFO  10:26:27  Http Post request
INFO  10:26:33  Http Post request
INFO  10:40:08  Http Post request
INFO  10:40:20  Http Post request
INFO  10:56:54  Http Post request
INFO  12:53:39 Application started. Press Ctrl+C to shut down.
INFO  12:53:39 Application started. Press Ctrl+C to shut down.
INFO  12:53:39 Hosting environment: Development
INFO  12:53:39 Hosting environment: Development
INFO  12:53:39 Content root path: C:\Users\Sujoy Basak\source\repos\MFPE\Microservices\AuthorizationService
INFO  12:53:39 Content root path: C:\Users\Sujoy Basak\source\repos\MFPE\Microservices\AuthorizationService
INFO  12:54:33  Http Post request
INFO  12:54:41  Http Post request
INFO  01:01:07 Application started. Press Ctrl+C to shut down.
INFO  01:01:07 Application started. Press Ctrl+C to shut down.
INFO  01:01:07 Hosting environment: Development
INFO  01:01:07 Hosting environment: Development
INFO  01:01:07 Content root path: C:\Users\Sujoy Basak\source\repos\MFPE\Microservices\AuthorizationService
INFO  01:01:07 Content root path: C:\Users\Sujoy Basak\source\repos\MFPE\Microservices\AuthorizationService
INFO  01:03:19  Http Post requestTokenController
INFO  01:03:30  Http Post requestTokenController
INFO  01:03:50  Http Post requestTokenController
INFO  01:03:57  Http Post requestTokenController
INFO  04:50:13 Application started. Press Ctrl+C to shut down.
INFO  04:50:13 Application started. Press Ctrl+C to shut down.
INFO  04:50:13 Hosting environment: Development
INFO  04:50:13 Hosting environment: Development
INFO  04:50:13 Content root path: C:\Users\Sujoy Basak\source\repos\MFPE\Microservices\AuthorizationService
INFO  04:50:13 Content root path: C:\Users\Sujoy Basak\source\repos\MFPE\Microservices\AuthorizationService
INFO  04:50:42  Http Post requestTokenController
INFO  08:03:24 Application started. Press Ctrl+C to shut down.
INFO  08:03:25 Application started. Press Ctrl+C to shut down.
INFO  08:03:25 Hosting environment: Development
INFO  08:03:25 Hosting environment: Development
INFO  08:03:25 Content root path: C:\Users\Sujoy Basak\source\repos\MFPE\Microservices\AuthorizationService
INFO  08:03:25 Content root path: C:\Users\Sujoy Basak\source\repos\MFPE\Microservices\AuthorizationService
INFO  08:03:45  Http Post requestTokenController
INFO  08:03:58  Http Post requestTokenController
INFO  08:04:12  Http Post requestTokenController
INFO  08:04:25  Http Post requestTokenController
INFO  08:04:39  Http Post requestTokenController
INFO  08:05:29  Http Post requestTokenController
